  QRAC.cpp
C:\Users\sans666\source\repos\QRAC\QRAC\QRAC.cpp(100,1): warning C4566: 由通用字符名称“\u4FE1”表示的字符不能在当前代码页(1252)中表示出来
C:\Users\sans666\source\repos\QRAC\QRAC\QRAC.cpp(100,1): warning C4566: 由通用字符名称“\u4EFB”表示的字符不能在当前代码页(1252)中表示出来
C:\Users\sans666\source\repos\QRAC\QRAC\QRAC.cpp(100,1): warning C4566: 由通用字符名称“\u58F0”表示的字符不能在当前代码页(1252)中表示出来
C:\Users\sans666\source\repos\QRAC\QRAC\QRAC.cpp(100,1): warning C4566: 由通用字符名称“\u660E”表示的字符不能在当前代码页(1252)中表示出来
C:\Users\sans666\source\repos\QRAC\QRAC\QRAC.cpp(101,1): warning C4566: 由通用字符名称“\u672C”表示的字符不能在当前代码页(1252)中表示出来
C:\Users\sans666\source\repos\QRAC\QRAC\QRAC.cpp(101,1): warning C4566: 由通用字符名称“\u7A0B”表示的字符不能在当前代码页(1252)中表示出来
C:\Users\sans666\source\repos\QRAC\QRAC\QRAC.cpp(101,1): warning C4566: 由通用字符名称“\u5E8F”表示的字符不能在当前代码页(1252)中表示出来
C:\Users\sans666\source\repos\QRAC\QRAC\QRAC.cpp(101,1): warning C4566: 由通用字符名称“\u662F”表示的字符不能在当前代码页(1252)中表示出来
C:\Users\sans666\source\repos\QRAC\QRAC\QRAC.cpp(101,1): warning C4566: 由通用字符名称“\u6570”表示的字符不能在当前代码页(1252)中表示出来
C:\Users\sans666\source\repos\QRAC\QRAC\QRAC.cpp(101,1): warning C4566: 由通用字符名称“\u636E”表示的字符不能在当前代码页(1252)中表示出来
C:\Users\sans666\source\repos\QRAC\QRAC\QRAC.cpp(101,1): warning C4566: 由通用字符名称“\u7F16”表示的字符不能在当前代码页(1252)中表示出来
C:\Users\sans666\source\repos\QRAC\QRAC\QRAC.cpp(101,1): warning C4566: 由通用字符名称“\u7801”表示的字符不能在当前代码页(1252)中表示出来
C:\Users\sans666\source\repos\QRAC\QRAC\QRAC.cpp(101,1): warning C4566: 由通用字符名称“\u5DE5”表示的字符不能在当前代码页(1252)中表示出来
C:\Users\sans666\source\repos\QRAC\QRAC\QRAC.cpp(101,1): warning C4566: 由通用字符名称“\u5177”表示的字符不能在当前代码页(1252)中表示出来
C:\Users\sans666\source\repos\QRAC\QRAC\QRAC.cpp(101,1): warning C4566: 由通用字符名称“\uFF0C”表示的字符不能在当前代码页(1252)中表示出来
C:\Users\sans666\source\repos\QRAC\QRAC\QRAC.cpp(101,1): warning C4566: 由通用字符名称“\u7528”表示的字符不能在当前代码页(1252)中表示出来
C:\Users\sans666\source\repos\QRAC\QRAC\QRAC.cpp(101,1): warning C4566: 由通用字符名称“\u4E8E”表示的字符不能在当前代码页(1252)中表示出来
C:\Users\sans666\source\repos\QRAC\QRAC\QRAC.cpp(101,1): warning C4566: 由通用字符名称“\u5C06”表示的字符不能在当前代码页(1252)中表示出来
C:\Users\sans666\source\repos\QRAC\QRAC\QRAC.cpp(101,1): warning C4566: 由通用字符名称“\u6587”表示的字符不能在当前代码页(1252)中表示出来
C:\Users\sans666\source\repos\QRAC\QRAC\QRAC.cpp(101,1): warning C4566: 由通用字符名称“\u4EF6”表示的字符不能在当前代码页(1252)中表示出来
C:\Users\sans666\source\repos\QRAC\QRAC\QRAC.cpp(101,1): warning C4566: 由通用字符名称“\u4E3A”表示的字符不能在当前代码页(1252)中表示出来
C:\Users\sans666\source\repos\QRAC\QRAC\QRAC.cpp(101,1): warning C4566: 由通用字符名称“\u56FE”表示的字符不能在当前代码页(1252)中表示出来
C:\Users\sans666\source\repos\QRAC\QRAC\QRAC.cpp(101,1): warning C4566: 由通用字符名称“\u50CF”表示的字符不能在当前代码页(1252)中表示出来
C:\Users\sans666\source\repos\QRAC\QRAC\QRAC.cpp(101,1): warning C4566: 由通用字符名称“\u6216”表示的字符不能在当前代码页(1252)中表示出来
C:\Users\sans666\source\repos\QRAC\QRAC\QRAC.cpp(101,1): warning C4566: 由通用字符名称“\u4ECE”表示的字符不能在当前代码页(1252)中表示出来
C:\Users\sans666\source\repos\QRAC\QRAC\QRAC.cpp(101,1): warning C4566: 由通用字符名称“\u89E3”表示的字符不能在当前代码页(1252)中表示出来
C:\Users\sans666\source\repos\QRAC\QRAC\QRAC.cpp(101,1): warning C4566: 由通用字符名称“\u3002”表示的字符不能在当前代码页(1252)中表示出来
C:\Users\sans666\source\repos\QRAC\QRAC\QRAC.cpp(102,1): warning C4566: 由通用字符名称“\u7A0B”表示的字符不能在当前代码页(1252)中表示出来
C:\Users\sans666\source\repos\QRAC\QRAC\QRAC.cpp(102,1): warning C4566: 由通用字符名称“\u5E8F”表示的字符不能在当前代码页(1252)中表示出来
C:\Users\sans666\source\repos\QRAC\QRAC\QRAC.cpp(102,1): warning C4566: 由通用字符名称“\u5B8C”表示的字符不能在当前代码页(1252)中表示出来
C:\Users\sans666\source\repos\QRAC\QRAC\QRAC.cpp(102,1): warning C4566: 由通用字符名称“\u5168”表示的字符不能在当前代码页(1252)中表示出来
C:\Users\sans666\source\repos\QRAC\QRAC\QRAC.cpp(102,1): warning C4566: 由通用字符名称“\u5F00”表示的字符不能在当前代码页(1252)中表示出来
C:\Users\sans666\source\repos\QRAC\QRAC\QRAC.cpp(102,1): warning C4566: 由通用字符名称“\u6E90”表示的字符不能在当前代码页(1252)中表示出来
C:\Users\sans666\source\repos\QRAC\QRAC\QRAC.cpp(102,1): warning C4566: 由通用字符名称“\uFF0C”表示的字符不能在当前代码页(1252)中表示出来
C:\Users\sans666\source\repos\QRAC\QRAC\QRAC.cpp(102,1): warning C4566: 由通用字符名称“\u4E0D”表示的字符不能在当前代码页(1252)中表示出来
C:\Users\sans666\source\repos\QRAC\QRAC\QRAC.cpp(102,1): warning C4566: 由通用字符名称“\u5305”表示的字符不能在当前代码页(1252)中表示出来
C:\Users\sans666\source\repos\QRAC\QRAC\QRAC.cpp(102,1): warning C4566: 由通用字符名称“\u542B”表示的字符不能在当前代码页(1252)中表示出来
C:\Users\sans666\source\repos\QRAC\QRAC\QRAC.cpp(102,1): warning C4566: 由通用字符名称“\u4EFB”表示的字符不能在当前代码页(1252)中表示出来
C:\Users\sans666\source\repos\QRAC\QRAC\QRAC.cpp(102,1): warning C4566: 由通用字符名称“\u4F55”表示的字符不能在当前代码页(1252)中表示出来
C:\Users\sans666\source\repos\QRAC\QRAC\QRAC.cpp(102,1): warning C4566: 由通用字符名称“\u6076”表示的字符不能在当前代码页(1252)中表示出来
C:\Users\sans666\source\repos\QRAC\QRAC\QRAC.cpp(102,1): warning C4566: 由通用字符名称“\u610F”表示的字符不能在当前代码页(1252)中表示出来
C:\Users\sans666\source\repos\QRAC\QRAC\QRAC.cpp(102,1): warning C4566: 由通用字符名称“\u4EE3”表示的字符不能在当前代码页(1252)中表示出来
C:\Users\sans666\source\repos\QRAC\QRAC\QRAC.cpp(102,1): warning C4566: 由通用字符名称“\u7801”表示的字符不能在当前代码页(1252)中表示出来
C:\Users\sans666\source\repos\QRAC\QRAC\QRAC.cpp(102,1): warning C4566: 由通用字符名称“\u6216”表示的字符不能在当前代码页(1252)中表示出来
C:\Users\sans666\source\repos\QRAC\QRAC\QRAC.cpp(102,1): warning C4566: 由通用字符名称“\u75C5”表示的字符不能在当前代码页(1252)中表示出来
C:\Users\sans666\source\repos\QRAC\QRAC\QRAC.cpp(102,1): warning C4566: 由通用字符名称“\u6BD2”表示的字符不能在当前代码页(1252)中表示出来
C:\Users\sans666\source\repos\QRAC\QRAC\QRAC.cpp(102,1): warning C4566: 由通用字符名称“\u3002”表示的字符不能在当前代码页(1252)中表示出来
C:\Users\sans666\source\repos\QRAC\QRAC\QRAC.cpp(103,1): warning C4566: 由通用字符名称“\u67D0”表示的字符不能在当前代码页(1252)中表示出来
C:\Users\sans666\source\repos\QRAC\QRAC\QRAC.cpp(103,1): warning C4566: 由通用字符名称“\u4E9B”表示的字符不能在当前代码页(1252)中表示出来
C:\Users\sans666\source\repos\QRAC\QRAC\QRAC.cpp(103,1): warning C4566: 由通用字符名称“\u5B89”表示的字符不能在当前代码页(1252)中表示出来
C:\Users\sans666\source\repos\QRAC\QRAC\QRAC.cpp(103,1): warning C4566: 由通用字符名称“\u5168”表示的字符不能在当前代码页(1252)中表示出来
C:\Users\sans666\source\repos\QRAC\QRAC\QRAC.cpp(103,1): warning C4566: 由通用字符名称“\u8F6F”表示的字符不能在当前代码页(1252)中表示出来
C:\Users\sans666\source\repos\QRAC\QRAC\QRAC.cpp(103,1): warning C4566: 由通用字符名称“\u4EF6”表示的字符不能在当前代码页(1252)中表示出来
C:\Users\sans666\source\repos\QRAC\QRAC\QRAC.cpp(103,1): warning C4566: 由通用字符名称“\u53EF”表示的字符不能在当前代码页(1252)中表示出来
C:\Users\sans666\source\repos\QRAC\QRAC\QRAC.cpp(103,1): warning C4566: 由通用字符名称“\u80FD”表示的字符不能在当前代码页(1252)中表示出来
C:\Users\sans666\source\repos\QRAC\QRAC\QRAC.cpp(103,1): warning C4566: 由通用字符名称“\u4F1A”表示的字符不能在当前代码页(1252)中表示出来
C:\Users\sans666\source\repos\QRAC\QRAC\QRAC.cpp(103,1): warning C4566: 由通用字符名称“\u8BEF”表示的字符不能在当前代码页(1252)中表示出来
C:\Users\sans666\source\repos\QRAC\QRAC\QRAC.cpp(103,1): warning C4566: 由通用字符名称“\u62A5”表示的字符不能在当前代码页(1252)中表示出来
C:\Users\sans666\source\repos\QRAC\QRAC\QRAC.cpp(103,1): warning C4566: 由通用字符名称“\uFF0C”表示的字符不能在当前代码页(1252)中表示出来
C:\Users\sans666\source\repos\QRAC\QRAC\QRAC.cpp(103,1): warning C4566: 由通用字符名称“\u8FD9”表示的字符不能在当前代码页(1252)中表示出来
C:\Users\sans666\source\repos\QRAC\QRAC\QRAC.cpp(103,1): warning C4566: 由通用字符名称“\u662F”表示的字符不能在当前代码页(1252)中表示出来
C:\Users\sans666\source\repos\QRAC\QRAC\QRAC.cpp(103,1): warning C4566: 由通用字符名称“\u56E0”表示的字符不能在当前代码页(1252)中表示出来
C:\Users\sans666\source\repos\QRAC\QRAC\QRAC.cpp(103,1): warning C4566: 由通用字符名称“\u4E3A”表示的字符不能在当前代码页(1252)中表示出来
C:\Users\sans666\source\repos\QRAC\QRAC\QRAC.cpp(103,1): warning C4566: 由通用字符名称“\u7A0B”表示的字符不能在当前代码页(1252)中表示出来
C:\Users\sans666\source\repos\QRAC\QRAC\QRAC.cpp(103,1): warning C4566: 由通用字符名称“\u5E8F”表示的字符不能在当前代码页(1252)中表示出来
C:\Users\sans666\source\repos\QRAC\QRAC\QRAC.cpp(103,1): warning C4566: 由通用字符名称“\u4F7F”表示的字符不能在当前代码页(1252)中表示出来
C:\Users\sans666\source\repos\QRAC\QRAC\QRAC.cpp(103,1): warning C4566: 由通用字符名称“\u7528”表示的字符不能在当前代码页(1252)中表示出来
C:\Users\sans666\source\repos\QRAC\QRAC\QRAC.cpp(103,1): warning C4566: 由通用字符名称“\u4E86”表示的字符不能在当前代码页(1252)中表示出来
C:\Users\sans666\source\repos\QRAC\QRAC\QRAC.cpp(103,1): warning C4566: 由通用字符名称“\u6570”表示的字符不能在当前代码页(1252)中表示出来
C:\Users\sans666\source\repos\QRAC\QRAC\QRAC.cpp(103,1): warning C4566: 由通用字符名称“\u636E”表示的字符不能在当前代码页(1252)中表示出来
C:\Users\sans666\source\repos\QRAC\QRAC\QRAC.cpp(103,1): warning C4566: 由通用字符名称“\u7F16”表示的字符不能在当前代码页(1252)中表示出来
C:\Users\sans666\source\repos\QRAC\QRAC\QRAC.cpp(103,1): warning C4566: 由通用字符名称“\u7801”表示的字符不能在当前代码页(1252)中表示出来
C:\Users\sans666\source\repos\QRAC\QRAC\QRAC.cpp(103,1): warning C4566: 由通用字符名称“\u6280”表示的字符不能在当前代码页(1252)中表示出来
C:\Users\sans666\source\repos\QRAC\QRAC\QRAC.cpp(103,1): warning C4566: 由通用字符名称“\u672F”表示的字符不能在当前代码页(1252)中表示出来
C:\Users\sans666\source\repos\QRAC\QRAC\QRAC.cpp(103,1): warning C4566: 由通用字符名称“\u3002”表示的字符不能在当前代码页(1252)中表示出来
C:\Users\sans666\source\repos\QRAC\QRAC\QRAC.cpp(104,1): warning C4566: 由通用字符名称“\u8BF7”表示的字符不能在当前代码页(1252)中表示出来
C:\Users\sans666\source\repos\QRAC\QRAC\QRAC.cpp(104,1): warning C4566: 由通用字符名称“\u653E”表示的字符不能在当前代码页(1252)中表示出来
C:\Users\sans666\source\repos\QRAC\QRAC\QRAC.cpp(104,1): warning C4566: 由通用字符名称“\u5FC3”表示的字符不能在当前代码页(1252)中表示出来
C:\Users\sans666\source\repos\QRAC\QRAC\QRAC.cpp(104,1): warning C4566: 由通用字符名称“\u4F7F”表示的字符不能在当前代码页(1252)中表示出来
C:\Users\sans666\source\repos\QRAC\QRAC\QRAC.cpp(104,1): warning C4566: 由通用字符名称“\u7528”表示的字符不能在当前代码页(1252)中表示出来
C:\Users\sans666\source\repos\QRAC\QRAC\QRAC.cpp(104,1): warning C4566: 由通用字符名称“\uFF0C”表示的字符不能在当前代码页(1252)中表示出来
C:\Users\sans666\source\repos\QRAC\QRAC\QRAC.cpp(104,1): warning C4566: 由通用字符名称“\u5982”表示的字符不能在当前代码页(1252)中表示出来
C:\Users\sans666\source\repos\QRAC\QRAC\QRAC.cpp(104,1): warning C4566: 由通用字符名称“\u6709”表示的字符不能在当前代码页(1252)中表示出来
C:\Users\sans666\source\repos\QRAC\QRAC\QRAC.cpp(104,1): warning C4566: 由通用字符名称“\u7591”表示的字符不能在当前代码页(1252)中表示出来
C:\Users\sans666\source\repos\QRAC\QRAC\QRAC.cpp(104,1): warning C4566: 由通用字符名称“\u95EE”表示的字符不能在当前代码页(1252)中表示出来
C:\Users\sans666\source\repos\QRAC\QRAC\QRAC.cpp(104,1): warning C4566: 由通用字符名称“\u53EF”表示的字符不能在当前代码页(1252)中表示出来
C:\Users\sans666\source\repos\QRAC\QRAC\QRAC.cpp(104,1): warning C4566: 由通用字符名称“\u67E5”表示的字符不能在当前代码页(1252)中表示出来
C:\Users\sans666\source\repos\QRAC\QRAC\QRAC.cpp(104,1): warning C4566: 由通用字符名称“\u770B”表示的字符不能在当前代码页(1252)中表示出来
C:\Users\sans666\source\repos\QRAC\QRAC\QRAC.cpp(104,1): warning C4566: 由通用字符名称“\u6E90”表示的字符不能在当前代码页(1252)中表示出来
C:\Users\sans666\source\repos\QRAC\QRAC\QRAC.cpp(104,1): warning C4566: 由通用字符名称“\u4EE3”表示的字符不能在当前代码页(1252)中表示出来
C:\Users\sans666\source\repos\QRAC\QRAC\QRAC.cpp(104,1): warning C4566: 由通用字符名称“\u7801”表示的字符不能在当前代码页(1252)中表示出来
C:\Users\sans666\source\repos\QRAC\QRAC\QRAC.cpp(104,1): warning C4566: 由通用字符名称“\u6216”表示的字符不能在当前代码页(1252)中表示出来
C:\Users\sans666\source\repos\QRAC\QRAC\QRAC.cpp(104,1): warning C4566: 由通用字符名称“\u8054”表示的字符不能在当前代码页(1252)中表示出来
C:\Users\sans666\source\repos\QRAC\QRAC\QRAC.cpp(104,1): warning C4566: 由通用字符名称“\u7CFB”表示的字符不能在当前代码页(1252)中表示出来
C:\Users\sans666\source\repos\QRAC\QRAC\QRAC.cpp(104,1): warning C4566: 由通用字符名称“\u5F00”表示的字符不能在当前代码页(1252)中表示出来
C:\Users\sans666\source\repos\QRAC\QRAC\QRAC.cpp(104,1): warning C4566: 由通用字符名称“\u53D1”表示的字符不能在当前代码页(1252)中表示出来
C:\Users\sans666\source\repos\QRAC\QRAC\QRAC.cpp(104,1): warning C4566: 由通用字符名称“\u8005”表示的字符不能在当前代码页(1252)中表示出来
C:\Users\sans666\source\repos\QRAC\QRAC\QRAC.cpp(104,1): warning C4566: 由通用字符名称“\u3002”表示的字符不能在当前代码页(1252)中表示出来
C:\Users\sans666\source\repos\QRAC\QRAC\QRAC.cpp(596,18): warning C4566: 由通用字符名称“\u8B66”表示的字符不能在当前代码页(1252)中表示出来
C:\Users\sans666\source\repos\QRAC\QRAC\QRAC.cpp(596,18): warning C4566: 由通用字符名称“\u544A”表示的字符不能在当前代码页(1252)中表示出来
C:\Users\sans666\source\repos\QRAC\QRAC\QRAC.cpp(596,18): warning C4566: 由通用字符名称“\u683C”表示的字符不能在当前代码页(1252)中表示出来
C:\Users\sans666\source\repos\QRAC\QRAC\QRAC.cpp(596,18): warning C4566: 由通用字符名称“\u5F0F”表示的字符不能在当前代码页(1252)中表示出来
C:\Users\sans666\source\repos\QRAC\QRAC\QRAC.cpp(596,18): warning C4566: 由通用字符名称“\u68C0”表示的字符不能在当前代码页(1252)中表示出来
C:\Users\sans666\source\repos\QRAC\QRAC\QRAC.cpp(596,18): warning C4566: 由通用字符名称“\u6D4B”表示的字符不能在当前代码页(1252)中表示出来
C:\Users\sans666\source\repos\QRAC\QRAC\QRAC.cpp(598,18): warning C4566: 由通用字符名称“\u662F”表示的字符不能在当前代码页(1252)中表示出来
C:\Users\sans666\source\repos\QRAC\QRAC\QRAC.cpp(598,18): warning C4566: 由通用字符名称“\u4E00”表示的字符不能在当前代码页(1252)中表示出来
C:\Users\sans666\source\repos\QRAC\QRAC\QRAC.cpp(598,18): warning C4566: 由通用字符名称“\u79CD”表示的字符不能在当前代码页(1252)中表示出来
C:\Users\sans666\source\repos\QRAC\QRAC\QRAC.cpp(598,18): warning C4566: 由通用字符名称“\u6709”表示的字符不能在当前代码页(1252)中表示出来
C:\Users\sans666\source\repos\QRAC\QRAC\QRAC.cpp(598,18): warning C4566: 由通用字符名称“\u635F”表示的字符不能在当前代码页(1252)中表示出来
C:\Users\sans666\source\repos\QRAC\QRAC\QRAC.cpp(598,18): warning C4566: 由通用字符名称“\u538B”表示的字符不能在当前代码页(1252)中表示出来
C:\Users\sans666\source\repos\QRAC\QRAC\QRAC.cpp(598,18): warning C4566: 由通用字符名称“\u7F29”表示的字符不能在当前代码页(1252)中表示出来
C:\Users\sans666\source\repos\QRAC\QRAC\QRAC.cpp(598,18): warning C4566: 由通用字符名称“\u683C”表示的字符不能在当前代码页(1252)中表示出来
C:\Users\sans666\source\repos\QRAC\QRAC\QRAC.cpp(598,18): warning C4566: 由通用字符名称“\u5F0F”表示的字符不能在当前代码页(1252)中表示出来
C:\Users\sans666\source\repos\QRAC\QRAC\QRAC.cpp(598,18): warning C4566: 由通用字符名称“\uFF0C”表示的字符不能在当前代码页(1252)中表示出来
C:\Users\sans666\source\repos\QRAC\QRAC\QRAC.cpp(598,18): warning C4566: 由通用字符名称“\u4E0D”表示的字符不能在当前代码页(1252)中表示出来
C:\Users\sans666\source\repos\QRAC\QRAC\QRAC.cpp(598,18): warning C4566: 由通用字符名称“\u9002”表示的字符不能在当前代码页(1252)中表示出来
C:\Users\sans666\source\repos\QRAC\QRAC\QRAC.cpp(598,18): warning C4566: 由通用字符名称“\u5408”表示的字符不能在当前代码页(1252)中表示出来
C:\Users\sans666\source\repos\QRAC\QRAC\QRAC.cpp(598,18): warning C4566: 由通用字符名称“\u7528”表示的字符不能在当前代码页(1252)中表示出来
C:\Users\sans666\source\repos\QRAC\QRAC\QRAC.cpp(598,18): warning C4566: 由通用字符名称“\u4E8E”表示的字符不能在当前代码页(1252)中表示出来
C:\Users\sans666\source\repos\QRAC\QRAC\QRAC.cpp(598,18): warning C4566: 由通用字符名称“\u6570”表示的字符不能在当前代码页(1252)中表示出来
C:\Users\sans666\source\repos\QRAC\QRAC\QRAC.cpp(598,18): warning C4566: 由通用字符名称“\u636E”表示的字符不能在当前代码页(1252)中表示出来
C:\Users\sans666\source\repos\QRAC\QRAC\QRAC.cpp(598,18): warning C4566: 由通用字符名称“\u7F16”表示的字符不能在当前代码页(1252)中表示出来
C:\Users\sans666\source\repos\QRAC\QRAC\QRAC.cpp(598,18): warning C4566: 由通用字符名称“\u7801”表示的字符不能在当前代码页(1252)中表示出来
C:\Users\sans666\source\repos\QRAC\QRAC\QRAC.cpp(598,18): warning C4566: 由通用字符名称“\u89E3”表示的字符不能在当前代码页(1252)中表示出来
C:\Users\sans666\source\repos\QRAC\QRAC\QRAC.cpp(598,18): warning C4566: 由通用字符名称“\u3002”表示的字符不能在当前代码页(1252)中表示出来
C:\Users\sans666\source\repos\QRAC\QRAC\QRAC.cpp(599,18): warning C4566: 由通用字符名称“\u4F7F”表示的字符不能在当前代码页(1252)中表示出来
C:\Users\sans666\source\repos\QRAC\QRAC\QRAC.cpp(599,18): warning C4566: 由通用字符名称“\u7528”表示的字符不能在当前代码页(1252)中表示出来
C:\Users\sans666\source\repos\QRAC\QRAC\QRAC.cpp(599,18): warning C4566: 由通用字符名称“\u683C”表示的字符不能在当前代码页(1252)中表示出来
C:\Users\sans666\source\repos\QRAC\QRAC\QRAC.cpp(599,18): warning C4566: 由通用字符名称“\u5F0F”表示的字符不能在当前代码页(1252)中表示出来
C:\Users\sans666\source\repos\QRAC\QRAC\QRAC.cpp(599,18): warning C4566: 由通用字符名称“\u53EF”表示的字符不能在当前代码页(1252)中表示出来
C:\Users\sans666\source\repos\QRAC\QRAC\QRAC.cpp(599,18): warning C4566: 由通用字符名称“\u80FD”表示的字符不能在当前代码页(1252)中表示出来
C:\Users\sans666\source\repos\QRAC\QRAC\QRAC.cpp(599,18): warning C4566: 由通用字符名称“\u5BFC”表示的字符不能在当前代码页(1252)中表示出来
C:\Users\sans666\source\repos\QRAC\QRAC\QRAC.cpp(599,18): warning C4566: 由通用字符名称“\u81F4”表示的字符不能在当前代码页(1252)中表示出来
C:\Users\sans666\source\repos\QRAC\QRAC\QRAC.cpp(599,18): warning C4566: 由通用字符名称“\u6570”表示的字符不能在当前代码页(1252)中表示出来
C:\Users\sans666\source\repos\QRAC\QRAC\QRAC.cpp(599,18): warning C4566: 由通用字符名称“\u636E”表示的字符不能在当前代码页(1252)中表示出来
C:\Users\sans666\source\repos\QRAC\QRAC\QRAC.cpp(599,18): warning C4566: 由通用字符名称“\u635F”表示的字符不能在当前代码页(1252)中表示出来
C:\Users\sans666\source\repos\QRAC\QRAC\QRAC.cpp(599,18): warning C4566: 由通用字符名称“\u574F”表示的字符不能在当前代码页(1252)中表示出来
C:\Users\sans666\source\repos\QRAC\QRAC\QRAC.cpp(599,18): warning C4566: 由通用字符名称“\u6216”表示的字符不能在当前代码页(1252)中表示出来
C:\Users\sans666\source\repos\QRAC\QRAC\QRAC.cpp(599,18): warning C4566: 由通用字符名称“\u65E0”表示的字符不能在当前代码页(1252)中表示出来
C:\Users\sans666\source\repos\QRAC\QRAC\QRAC.cpp(599,18): warning C4566: 由通用字符名称“\u6CD5”表示的字符不能在当前代码页(1252)中表示出来
C:\Users\sans666\source\repos\QRAC\QRAC\QRAC.cpp(599,18): warning C4566: 由通用字符名称“\u6B63”表示的字符不能在当前代码页(1252)中表示出来
C:\Users\sans666\source\repos\QRAC\QRAC\QRAC.cpp(599,18): warning C4566: 由通用字符名称“\u786E”表示的字符不能在当前代码页(1252)中表示出来
C:\Users\sans666\source\repos\QRAC\QRAC\QRAC.cpp(599,18): warning C4566: 由通用字符名称“\u89E3”表示的字符不能在当前代码页(1252)中表示出来
C:\Users\sans666\source\repos\QRAC\QRAC\QRAC.cpp(599,18): warning C4566: 由通用字符名称“\u7801”表示的字符不能在当前代码页(1252)中表示出来
C:\Users\sans666\source\repos\QRAC\QRAC\QRAC.cpp(599,18): warning C4566: 由通用字符名称“\u3002”表示的字符不能在当前代码页(1252)中表示出来
C:\Users\sans666\source\repos\QRAC\QRAC\QRAC.cpp(600,18): warning C4566: 由通用字符名称“\u5EFA”表示的字符不能在当前代码页(1252)中表示出来
C:\Users\sans666\source\repos\QRAC\QRAC\QRAC.cpp(600,18): warning C4566: 由通用字符名称“\u8BAE”表示的字符不能在当前代码页(1252)中表示出来
C:\Users\sans666\source\repos\QRAC\QRAC\QRAC.cpp(600,18): warning C4566: 由通用字符名称“\u4F7F”表示的字符不能在当前代码页(1252)中表示出来
C:\Users\sans666\source\repos\QRAC\QRAC\QRAC.cpp(600,18): warning C4566: 由通用字符名称“\u7528”表示的字符不能在当前代码页(1252)中表示出来
C:\Users\sans666\source\repos\QRAC\QRAC\QRAC.cpp(600,18): warning C4566: 由通用字符名称“\u65E0”表示的字符不能在当前代码页(1252)中表示出来
C:\Users\sans666\source\repos\QRAC\QRAC\QRAC.cpp(600,18): warning C4566: 由通用字符名称“\u635F”表示的字符不能在当前代码页(1252)中表示出来
C:\Users\sans666\source\repos\QRAC\QRAC\QRAC.cpp(600,18): warning C4566: 由通用字符名称“\u683C”表示的字符不能在当前代码页(1252)中表示出来
C:\Users\sans666\source\repos\QRAC\QRAC\QRAC.cpp(600,18): warning C4566: 由通用字符名称“\u5F0F”表示的字符不能在当前代码页(1252)中表示出来
C:\Users\sans666\source\repos\QRAC\QRAC\QRAC.cpp(600,18): warning C4566: 由通用字符名称“\u5982”表示的字符不能在当前代码页(1252)中表示出来
C:\Users\sans666\source\repos\QRAC\QRAC\QRAC.cpp(600,18): warning C4566: 由通用字符名称“\u6216”表示的字符不能在当前代码页(1252)中表示出来
C:\Users\sans666\source\repos\QRAC\QRAC\QRAC.cpp(600,18): warning C4566: 由通用字符名称“\u8FDB”表示的字符不能在当前代码页(1252)中表示出来
C:\Users\sans666\source\repos\QRAC\QRAC\QRAC.cpp(600,18): warning C4566: 由通用字符名称“\u884C”表示的字符不能在当前代码页(1252)中表示出来
C:\Users\sans666\source\repos\QRAC\QRAC\QRAC.cpp(600,18): warning C4566: 由通用字符名称“\u7F16”表示的字符不能在当前代码页(1252)中表示出来
C:\Users\sans666\source\repos\QRAC\QRAC\QRAC.cpp(600,18): warning C4566: 由通用字符名称“\u7801”表示的字符不能在当前代码页(1252)中表示出来
C:\Users\sans666\source\repos\QRAC\QRAC\QRAC.cpp(600,18): warning C4566: 由通用字符名称“\u3002”表示的字符不能在当前代码页(1252)中表示出来
C:\Users\sans666\source\repos\QRAC\QRAC\QRAC.cpp(601,18): warning C4566: 由通用字符名称“\u662F”表示的字符不能在当前代码页(1252)中表示出来
C:\Users\sans666\source\repos\QRAC\QRAC\QRAC.cpp(601,18): warning C4566: 由通用字符名称“\u5426”表示的字符不能在当前代码页(1252)中表示出来
C:\Users\sans666\source\repos\QRAC\QRAC\QRAC.cpp(601,18): warning C4566: 由通用字符名称“\u7EE7”表示的字符不能在当前代码页(1252)中表示出来
C:\Users\sans666\source\repos\QRAC\QRAC\QRAC.cpp(601,18): warning C4566: 由通用字符名称“\u7EED”表示的字符不能在当前代码页(1252)中表示出来
C:\Users\sans666\source\repos\QRAC\QRAC\QRAC.cpp(601,18): warning C4566: 由通用字符名称“\u5904”表示的字符不能在当前代码页(1252)中表示出来
C:\Users\sans666\source\repos\QRAC\QRAC\QRAC.cpp(601,18): warning C4566: 由通用字符名称“\u7406”表示的字符不能在当前代码页(1252)中表示出来
C:\Users\sans666\source\repos\QRAC\QRAC\QRAC.cpp(606,51): warning C4566: 由通用字符名称“\u7528”表示的字符不能在当前代码页(1252)中表示出来
C:\Users\sans666\source\repos\QRAC\QRAC\QRAC.cpp(606,51): warning C4566: 由通用字符名称“\u6237”表示的字符不能在当前代码页(1252)中表示出来
C:\Users\sans666\source\repos\QRAC\QRAC\QRAC.cpp(606,51): warning C4566: 由通用字符名称“\u53D6”表示的字符不能在当前代码页(1252)中表示出来
C:\Users\sans666\source\repos\QRAC\QRAC\QRAC.cpp(606,51): warning C4566: 由通用字符名称“\u6D88”表示的字符不能在当前代码页(1252)中表示出来
C:\Users\sans666\source\repos\QRAC\QRAC\QRAC.cpp(606,51): warning C4566: 由通用字符名称“\u64CD”表示的字符不能在当前代码页(1252)中表示出来
C:\Users\sans666\source\repos\QRAC\QRAC\QRAC.cpp(606,51): warning C4566: 由通用字符名称“\u4F5C”表示的字符不能在当前代码页(1252)中表示出来
C:\Users\sans666\source\repos\QRAC\QRAC\QRAC.cpp(631,55): warning C4566: 由通用字符名称“\u65E0”表示的字符不能在当前代码页(1252)中表示出来
C:\Users\sans666\source\repos\QRAC\QRAC\QRAC.cpp(631,55): warning C4566: 由通用字符名称“\u6CD5”表示的字符不能在当前代码页(1252)中表示出来
C:\Users\sans666\source\repos\QRAC\QRAC\QRAC.cpp(631,55): warning C4566: 由通用字符名称“\u83B7”表示的字符不能在当前代码页(1252)中表示出来
C:\Users\sans666\source\repos\QRAC\QRAC\QRAC.cpp(631,55): warning C4566: 由通用字符名称“\u53D6”表示的字符不能在当前代码页(1252)中表示出来
C:\Users\sans666\source\repos\QRAC\QRAC\QRAC.cpp(631,55): warning C4566: 由通用字符名称“\u6587”表示的字符不能在当前代码页(1252)中表示出来
C:\Users\sans666\source\repos\QRAC\QRAC\QRAC.cpp(631,55): warning C4566: 由通用字符名称“\u4EF6”表示的字符不能在当前代码页(1252)中表示出来
C:\Users\sans666\source\repos\QRAC\QRAC\QRAC.cpp(631,55): warning C4566: 由通用字符名称“\u5927”表示的字符不能在当前代码页(1252)中表示出来
C:\Users\sans666\source\repos\QRAC\QRAC\QRAC.cpp(631,55): warning C4566: 由通用字符名称“\u5C0F”表示的字符不能在当前代码页(1252)中表示出来
C:\Users\sans666\source\repos\QRAC\QRAC\QRAC.cpp(1089,17): warning C4566: 由通用字符名称“\u65E0”表示的字符不能在当前代码页(1252)中表示出来
C:\Users\sans666\source\repos\QRAC\QRAC\QRAC.cpp(1089,17): warning C4566: 由通用字符名称“\u6CD5”表示的字符不能在当前代码页(1252)中表示出来
C:\Users\sans666\source\repos\QRAC\QRAC\QRAC.cpp(1089,17): warning C4566: 由通用字符名称“\u52A0”表示的字符不能在当前代码页(1252)中表示出来
C:\Users\sans666\source\repos\QRAC\QRAC\QRAC.cpp(1089,17): warning C4566: 由通用字符名称“\u8F7D”表示的字符不能在当前代码页(1252)中表示出来
C:\Users\sans666\source\repos\QRAC\QRAC\QRAC.cpp(1089,17): warning C4566: 由通用字符名称“\u56FE”表示的字符不能在当前代码页(1252)中表示出来
C:\Users\sans666\source\repos\QRAC\QRAC\QRAC.cpp(1089,17): warning C4566: 由通用字符名称“\u50CF”表示的字符不能在当前代码页(1252)中表示出来
C:\Users\sans666\source\repos\QRAC\QRAC\QRAC.cpp(1089,17): warning C4566: 由通用字符名称“\u6587”表示的字符不能在当前代码页(1252)中表示出来
C:\Users\sans666\source\repos\QRAC\QRAC\QRAC.cpp(1089,17): warning C4566: 由通用字符名称“\u4EF6”表示的字符不能在当前代码页(1252)中表示出来
C:\Users\sans666\source\repos\QRAC\QRAC\QRAC.cpp(1089,17): warning C4566: 由通用字符名称“\u3002”表示的字符不能在当前代码页(1252)中表示出来
C:\Users\sans666\source\repos\QRAC\QRAC\QRAC.cpp(1089,17): warning C4566: 由通用字符名称“\u8BF7”表示的字符不能在当前代码页(1252)中表示出来
C:\Users\sans666\source\repos\QRAC\QRAC\QRAC.cpp(1089,17): warning C4566: 由通用字符名称“\u786E”表示的字符不能在当前代码页(1252)中表示出来
C:\Users\sans666\source\repos\QRAC\QRAC\QRAC.cpp(1089,17): warning C4566: 由通用字符名称“\u4FDD”表示的字符不能在当前代码页(1252)中表示出来
C:\Users\sans666\source\repos\QRAC\QRAC\QRAC.cpp(1089,17): warning C4566: 由通用字符名称“\u662F”表示的字符不能在当前代码页(1252)中表示出来
C:\Users\sans666\source\repos\QRAC\QRAC\QRAC.cpp(1089,17): warning C4566: 由通用字符名称“\u6709”表示的字符不能在当前代码页(1252)中表示出来
C:\Users\sans666\source\repos\QRAC\QRAC\QRAC.cpp(1089,17): warning C4566: 由通用字符名称“\u6548”表示的字符不能在当前代码页(1252)中表示出来
C:\Users\sans666\source\repos\QRAC\QRAC\QRAC.cpp(1089,17): warning C4566: 由通用字符名称“\u7684”表示的字符不能在当前代码页(1252)中表示出来
C:\Users\sans666\source\repos\QRAC\QRAC\QRAC.cpp(1089,17): warning C4566: 由通用字符名称“\u3001”表示的字符不能在当前代码页(1252)中表示出来
C:\Users\sans666\source\repos\QRAC\QRAC\QRAC.cpp(1089,17): warning C4566: 由通用字符名称“\u6216”表示的字符不能在当前代码页(1252)中表示出来
C:\Users\sans666\source\repos\QRAC\QRAC\QRAC.cpp(1089,17): warning C4566: 由通用字符名称“\u683C”表示的字符不能在当前代码页(1252)中表示出来
C:\Users\sans666\source\repos\QRAC\QRAC\QRAC.cpp(1089,17): warning C4566: 由通用字符名称“\u5F0F”表示的字符不能在当前代码页(1252)中表示出来
C:\Users\sans666\source\repos\QRAC\QRAC\QRAC.cpp(1089,17): warning C4566: 由通用字符名称“\uFF0C”表示的字符不能在当前代码页(1252)中表示出来
C:\Users\sans666\source\repos\QRAC\QRAC\QRAC.cpp(1089,17): warning C4566: 由通用字符名称“\u5E76”表示的字符不能在当前代码页(1252)中表示出来
C:\Users\sans666\source\repos\QRAC\QRAC\QRAC.cpp(1089,17): warning C4566: 由通用字符名称“\u4E14”表示的字符不能在当前代码页(1252)中表示出来
C:\Users\sans666\source\repos\QRAC\QRAC\QRAC.cpp(1089,17): warning C4566: 由通用字符名称“\u6CA1”表示的字符不能在当前代码页(1252)中表示出来
C:\Users\sans666\source\repos\QRAC\QRAC\QRAC.cpp(1089,17): warning C4566: 由通用字符名称“\u88AB”表示的字符不能在当前代码页(1252)中表示出来
C:\Users\sans666\source\repos\QRAC\QRAC\QRAC.cpp(1089,17): warning C4566: 由通用字符名称“\u538B”表示的字符不能在当前代码页(1252)中表示出来
C:\Users\sans666\source\repos\QRAC\QRAC\QRAC.cpp(1089,17): warning C4566: 由通用字符名称“\u7F29”表示的字符不能在当前代码页(1252)中表示出来
C:\Users\sans666\source\repos\QRAC\QRAC\QRAC.cpp(1358,18): warning C4566: 由通用字符名称“\u7248”表示的字符不能在当前代码页(1252)中表示出来
C:\Users\sans666\source\repos\QRAC\QRAC\QRAC.cpp(1358,18): warning C4566: 由通用字符名称“\u6743”表示的字符不能在当前代码页(1252)中表示出来
C:\Users\sans666\source\repos\QRAC\QRAC\QRAC.cpp(1358,18): warning C4566: 由通用字符名称“\u6240”表示的字符不能在当前代码页(1252)中表示出来
C:\Users\sans666\source\repos\QRAC\QRAC\QRAC.cpp(1358,18): warning C4566: 由通用字符名称“\u6709”表示的字符不能在当前代码页(1252)中表示出来
C:\Users\sans666\source\repos\QRAC\QRAC\QRAC.cpp(1359,18): warning C4566: 由通用字符名称“\u57FA”表示的字符不能在当前代码页(1252)中表示出来
C:\Users\sans666\source\repos\QRAC\QRAC\QRAC.cpp(1359,18): warning C4566: 由通用字符名称“\u4E8E”表示的字符不能在当前代码页(1252)中表示出来
C:\Users\sans666\source\repos\QRAC\QRAC\QRAC.cpp(1359,18): warning C4566: 由通用字符名称“\u8BB8”表示的字符不能在当前代码页(1252)中表示出来
C:\Users\sans666\source\repos\QRAC\QRAC\QRAC.cpp(1359,18): warning C4566: 由通用字符名称“\u53EF”表示的字符不能在当前代码页(1252)中表示出来
C:\Users\sans666\source\repos\QRAC\QRAC\QRAC.cpp(1359,18): warning C4566: 由通用字符名称“\u8BC1”表示的字符不能在当前代码页(1252)中表示出来
C:\Users\sans666\source\repos\QRAC\QRAC\QRAC.cpp(1359,18): warning C4566: 由通用字符名称“\u5F00”表示的字符不能在当前代码页(1252)中表示出来
C:\Users\sans666\source\repos\QRAC\QRAC\QRAC.cpp(1359,18): warning C4566: 由通用字符名称“\u6E90”表示的字符不能在当前代码页(1252)中表示出来
  正在生成代码
  Previous IPDB was built with incompatible compiler, fall back to full compilation.
  All 1582 functions were compiled because no usable IPDB/IOBJ from previous compilation was found.
  已完成代码的生成
  QRAC.vcxproj -> C:\Users\sans666\source\repos\QRAC\x64\Release\QRAC.exe
